OtuPicker parameters:
Application:uclust
Similarity:0.97
chimeras_retention:union
enable_rev_strand_matching:False
exact:False
max_accepts:1
max_rejects:8
new_cluster_identifier:denovo
next_new_cluster_number:1
optimal:False
output_dir:/tmpdir/job/2599924.undefined/otus/uclust_ref_picked_otus/POTU_0MBO_
prefilter_identical_sequences:True
presort_by_abundance:True
save_uc_files:True
stable_sort:True
stepwords:8
suppress_new_clusters:True
suppress_sort:True
word_length:8
Reference seqs:/home/sejj036/miniconda2/envs/qiime1/lib/python2.7/site-packages/qiime_default_reference/gg_13_8_otus/rep_set/97_otus.fasta
Num OTUs:8591
Num new OTUs:0
Num failures:707120
Result path: /tmpdir/job/2599924.undefined/otus/uclust_ref_picked_otus/POTU_0MBO_/POTU_0MBO_.0_otus.txt
OtuPicker parameters:
Application:uclust
Similarity:0.97
chimeras_retention:union
enable_rev_strand_matching:False
exact:False
max_accepts:1
max_rejects:8
new_cluster_identifier:denovo
next_new_cluster_number:1
optimal:False
output_dir:/tmpdir/job/2599924.undefined/otus/uclust_ref_picked_otus/POTU_0MBO_
prefilter_identical_sequences:True
presort_by_abundance:True
save_uc_files:True
stable_sort:True
stepwords:8
suppress_new_clusters:True
suppress_sort:True
word_length:8
Reference seqs:/home/sejj036/miniconda2/envs/qiime1/lib/python2.7/site-packages/qiime_default_reference/gg_13_8_otus/rep_set/97_otus.fasta
Num OTUs:9699
Num new OTUs:0
Num failures:698801
Result path: /tmpdir/job/2599924.undefined/otus/uclust_ref_picked_otus/POTU_0MBO_/POTU_0MBO_.1_otus.txt
OtuPicker parameters:
Application:uclust
Similarity:0.97
chimeras_retention:union
enable_rev_strand_matching:False
exact:False
max_accepts:1
max_rejects:8
new_cluster_identifier:denovo
next_new_cluster_number:1
optimal:False
output_dir:/tmpdir/job/2599924.undefined/otus/uclust_ref_picked_otus/POTU_0MBO_
prefilter_identical_sequences:True
presort_by_abundance:True
save_uc_files:True
stable_sort:True
stepwords:8
suppress_new_clusters:True
suppress_sort:True
word_length:8
Reference seqs:/home/sejj036/miniconda2/envs/qiime1/lib/python2.7/site-packages/qiime_default_reference/gg_13_8_otus/rep_set/97_otus.fasta
Num OTUs:8631
Num new OTUs:0
Num failures:892057
Result path: /tmpdir/job/2599924.undefined/otus/uclust_ref_picked_otus/POTU_0MBO_/POTU_0MBO_.2_otus.txt
OtuPicker parameters:
Application:uclust
Similarity:0.97
chimeras_retention:union
enable_rev_strand_matching:False
exact:False
max_accepts:1
max_rejects:8
new_cluster_identifier:denovo
next_new_cluster_number:1
optimal:False
output_dir:/tmpdir/job/2599924.undefined/otus/uclust_ref_picked_otus/POTU_0MBO_
prefilter_identical_sequences:True
presort_by_abundance:True
save_uc_files:True
stable_sort:True
stepwords:8
suppress_new_clusters:True
suppress_sort:True
word_length:8
Reference seqs:/home/sejj036/miniconda2/envs/qiime1/lib/python2.7/site-packages/qiime_default_reference/gg_13_8_otus/rep_set/97_otus.fasta
Num OTUs:8448
Num new OTUs:0
Num failures:660699
Result path: /tmpdir/job/2599924.undefined/otus/uclust_ref_picked_otus/POTU_0MBO_/POTU_0MBO_.3_otus.txt
OtuPicker parameters:
Application:uclust
Similarity:0.97
chimeras_retention:union
enable_rev_strand_matching:False
exact:False
max_accepts:1
max_rejects:8
new_cluster_identifier:denovo
next_new_cluster_number:1
optimal:False
output_dir:/tmpdir/job/2599924.undefined/otus/uclust_ref_picked_otus/POTU_0MBO_
prefilter_identical_sequences:True
presort_by_abundance:True
save_uc_files:True
stable_sort:True
stepwords:8
suppress_new_clusters:True
suppress_sort:True
word_length:8
Reference seqs:/home/sejj036/miniconda2/envs/qiime1/lib/python2.7/site-packages/qiime_default_reference/gg_13_8_otus/rep_set/97_otus.fasta
Num OTUs:7953
Num new OTUs:0
Num failures:809953
Result path: /tmpdir/job/2599924.undefined/otus/uclust_ref_picked_otus/POTU_0MBO_/POTU_0MBO_.4_otus.txt
OtuPicker parameters:
Application:uclust
Similarity:0.97
chimeras_retention:union
enable_rev_strand_matching:False
exact:False
max_accepts:1
max_rejects:8
new_cluster_identifier:denovo
next_new_cluster_number:1
optimal:False
output_dir:/tmpdir/job/2599924.undefined/otus/uclust_ref_picked_otus/POTU_0MBO_
prefilter_identical_sequences:True
presort_by_abundance:True
save_uc_files:True
stable_sort:True
stepwords:8
suppress_new_clusters:True
suppress_sort:True
word_length:8
Reference seqs:/home/sejj036/miniconda2/envs/qiime1/lib/python2.7/site-packages/qiime_default_reference/gg_13_8_otus/rep_set/97_otus.fasta
Num OTUs:7664
Num new OTUs:0
Num failures:683055
Result path: /tmpdir/job/2599924.undefined/otus/uclust_ref_picked_otus/POTU_0MBO_/POTU_0MBO_.5_otus.txt
